https://open.spotify.com/track/3kzMcBgOeIzwNQW2VTJQcF
https://open.spotify.com/track/5DVzeTaRWU3ryXM3qNN9qg
https://open.spotify.com/track/5Jyk55gbmaRXAmcQyPvcFX
https://open.spotify.com/track/7bJSbd2Upa4iYVHlbRKEJm
https://open.spotify.com/track/6ryWXzeSbDX5cebOrgjMKL
https://open.spotify.com/track/0jvq7mNKbqQfw5PWjbbNfu
https://open.spotify.com/track/79WkM4qlSf5YMXwnceKK1d
https://open.spotify.com/track/4cbzc4dmuWQ1u0an0JsSnw
https://open.spotify.com/track/42qNWdLKCI41S4uzfamhFM
https://open.spotify.com/track/45ROR8UMn60YEVQnDy0uVF
https://open.spotify.com/track/5TuTHrKzN6NweeQaKkBNb7
https://open.spotify.com/track/0VNZCqwaPxzWPRX2HI4jrR
https://open.spotify.com/track/4KXAxtfKpp4UPlVRHDNWgN
https://open.spotify.com/track/4E7zFEyOfQzHshTJTwjU0O
https://open.spotify.com/track/1ICchuvl4s30eS6Waw5p1N
https://open.spotify.com/track/4E7zFEyOfQzHshTJTwjU0O
https://open.spotify.com/track/5CM4UuQ9Gnd6K2YyKGPMoK
https://open.spotify.com/track/3SH8GHdwJGXnoEmnCbPpJQ
https://open.spotify.com/track/4cbzc4dmuWQ1u0an0JsSnw
https://open.spotify.com/track/1gzWd0ILFaCoHUfQSkCIvl
https://open.spotify.com/track/2aG8speTt7aje2gii3g6UK
https://open.spotify.com/track/4cacyP5c3PMlfnyjpg13xW
https://open.spotify.com/track/4ZPwjq0CdxbWFNycxnSUJc
https://open.spotify.com/track/4MjJlPgUYMQjvHOQq0uvOv
https://open.spotify.com/track/4cB03uRsnOSABer7gv7gPt
https://open.spotify.com/track/7mk1LRePostjqws0fcZPVy
https://open.spotify.com/track/54LFnRxLlnwV7R04CMZwjD
https://open.spotify.com/track/42qNWdLKCI41S4uzfamhFM
https://open.spotify.com/track/2qhiaotrQsn7a0eD9XtkdI
https://open.spotify.com/track/1W98uoqZg5OJOs683NgXKJ
https://open.spotify.com/track/119p4M6SUkFTSF2XGXR6gR
https://open.spotify.com/track/58qF66l5z6MuoZiUVcF9zS
https://open.spotify.com/track/3rEwGRmPVVudVjqdgv0tRR
https://open.spotify.com/track/2qy1izuCE6TOacJO6hBHlO
https://open.spotify.com/track/2p3iZ1EEjvx1VUrY2e4YKS
https://open.spotify.com/track/3fdFoqPZhJhPQlJZr1RdQq
https://open.spotify.com/track/1K0urJwRWgKsdufGEdkXP7
https://open.spotify.com/track/2O15uKcn4bG7XJNGgILDTE
https://open.spotify.com/track/6cXUM8nvtbs9rsn1IPVtZB
https://open.spotify.com/track/0aR99yr1CNoxlZxm2veB65
https://open.spotify.com/track/4aVSO53uDAh6SeKTiRU0iV
https://open.spotify.com/track/0AN0OFuF6L07dHwJTtqIo6
https://open.spotify.com/track/6OGAAUwNTRWGLiWCLCZs6T
https://open.spotify.com/track/1V0jM9nrzMXGOTouXbE2ay
https://open.spotify.com/track/79BTZzQWsFBGuz6otfJDU4
https://open.spotify.com/track/17ZzpJiyHnUJ5JTnp1nr4z
https://open.spotify.com/track/1faZr55NQ9PtbhlabTibe9
https://open.spotify.com/track/0Kt0khTz1EzjtaQI8A339S
https://open.spotify.com/track/7pnALNVRMlgf4DZH66Xxt6
https://open.spotify.com/track/1YgDGKyKhFlimPw3mLavPG
https://open.spotify.com/track/4HfxDJ0uLHTLe0fZrx0MbQ
https://open.spotify.com/track/6LpKziy8JtKAQG7C6KBxCn
https://open.spotify.com/track/7ozVjHGiCPXJ8I9ktvWakW
https://open.spotify.com/track/4FxEi4PCPqhJbWiIa2Jzt6
https://open.spotify.com/track/4dkRgyXF4JAqAjknCjuRbX
https://open.spotify.com/track/1o4ZyblEXtQjQrp3O4H1Ug
https://open.spotify.com/track/0iGPqIcglmqPUTMv7X2VEb
https://open.spotify.com/track/35E7wuaDVCOEY89ybAuuGl
https://open.spotify.com/track/4I6hQfzrWdnbFCo7od2Qqv
https://open.spotify.com/track/1ipq1rWpQmOWR8H7pGaodt
https://open.spotify.com/track/1LIvdWNdKmHvU0FJvw2diN
https://open.spotify.com/track/6owEX3fADuLfyRpM3rUitD
https://open.spotify.com/track/6FgthnS6GYgLuELf7uRdDz
https://open.spotify.com/track/0KyukF6Y9GJVq1jgDQ1iwi
https://open.spotify.com/track/6owEX3fADuLfyRpM3rUitD
https://open.spotify.com/track/6u4B0SFfhYXL5LGMyLKa54
https://open.spotify.com/track/3opqBveVFABHG9xrupVWjN
https://open.spotify.com/track/02FoZSHI4qAj5ZUj8scPXE
https://open.spotify.com/track/3jHBgKdLCf46aP3HRI0WYv
https://open.spotify.com/track/3ze3ouuovH0xrJbll9DKWu
https://open.spotify.com/track/0W4IHPumkerqY05SzALiLR
https://open.spotify.com/track/4YUqTmXKXhUteDFLk5voOC
https://open.spotify.com/track/6wYdXiKE7uJhUTsDFoTIeN
https://open.spotify.com/track/4Mnw05kNd0j1XDHwtfzofp
https://open.spotify.com/track/5JCi3pyggvk4B0yd0BK3ow
https://open.spotify.com/track/5fHAZKWoCWC5lzDqWw49e6
https://open.spotify.com/track/6FgthnS6GYgLuELf7uRdDz
https://open.spotify.com/track/1WdeFwHa3XR9tEKQBjhQuG
https://open.spotify.com/track/1poBO3pO6fkqPYG6n8J5cX
https://open.spotify.com/track/0qF5DmEFN4jIBXG6jvYcg1
https://open.spotify.com/track/1klY5RDT7s0wXJrJjg0ftJ
https://open.spotify.com/track/0yvcHXCQRrFDd2k6ZOI7kO
https://open.spotify.com/track/37Tmv4NnfQeb0ZgUC4fOJj
https://open.spotify.com/track/0MjSe6Eruxym8p7RAHMFJM
https://open.spotify.com/track/0gsl92EMIScPGV1AU35nuD
https://open.spotify.com/track/63218XgwSjKHs2hDVdasen
https://open.spotify.com/track/5UWwZ5lm5PKu6eKsHAGxOk
https://open.spotify.com/track/0fAuuR5hoWZtTMpuqqxAGy
https://open.spotify.com/track/0tSM3DHK0X0pQ6IKTmoZMi
https://open.spotify.com/track/75Ei2KoBHbJxQLv0RcGYOM
https://open.spotify.com/track/6w7eHZFNdOpg2teEBCqjy2
https://open.spotify.com/track/3sceNZTdQ1CSlSULPbGlV2
https://open.spotify.com/track/3c3C5VPtih9wwBIzgWP9Xu
https://open.spotify.com/track/2VfEcR59Czu8ii3u6kKeP8
https://open.spotify.com/track/4FyVz5AFtAxIBfrW3usIcQ
https://open.spotify.com/track/5RobAV5ROH5KARimi7n3cO
https://open.spotify.com/track/2cjPokboQDr7xI0esIgg0h
https://open.spotify.com/track/0XgpiStoxq1IJncYlPrvZ5
https://open.spotify.com/track/1ONDma4NENd2D7ig3HvJ1Z
https://open.spotify.com/track/1W5XugQJGhnSATMI5n002M
https://open.spotify.com/track/66YV5WPbSqEZsM6WwShkEM
https://open.spotify.com/track/2sEBtJ37VgGe048SH9Bvqq
https://open.spotify.com/track/0Y2i84QWPFiFHQfEQDgHya
https://open.spotify.com/track/4pNiE4LCVV74vfIBaUHm1b
https://open.spotify.com/track/60FYYWyVBHGWgVOEsQweuS
https://open.spotify.com/track/5jXzG56pDO74wRBG7GBoyf
https://open.spotify.com/track/1Bfpd448i2dH267Z1uxrFf
https://open.spotify.com/track/3uRXEE1aneRayIF5Hs5rL5
https://open.spotify.com/track/0cgy8EueqwMuYzOZrW5vPB
https://open.spotify.com/track/283LAlCpfArRZOXPfkOQj0
https://open.spotify.com/track/4ESWJepzBtY2lR9oZDYVaP
https://open.spotify.com/track/62JzTgFcJ4BX07AktKmB1S
https://open.spotify.com/track/1TvQVmNarYyU0d4wARLlX8
https://open.spotify.com/track/7eM28zP8IA1veQyoes7Yi4
https://open.spotify.com/track/4h7gxN9aDte79sfy8VKGoN
https://open.spotify.com/track/2xo084H0Ii2hhucWkPLdyt
https://open.spotify.com/track/48NL8GMxz08wkiGmGK6Wie
